Build started 2/23/2015 5:39:07 PM.
     1>Project "D:\CMU-Compuceptionist\Agents\InMind-RC-DM\RavenClawDM.vcxproj" on node 2 (Build target(s)).
     1>Link:
         C:\Program Files (x86)\Microsoft Visual Studio 12.0\VC\bin\link.exe /ERRORREPORT:PROMPT /OUT:"Debug\RavenClawDM.exe" /INCREMENTAL /NOLOGO "D:/CMU-Olympus\bin\Debug\RavenClaw_debug.lib" user32.lib ws2_32.lib "D:/CMU-Olympus\bin\Debug\libGalaxy_debug.lib" kernel32.lib user32.lib gdi32.lib winspool.lib comdlg32.lib advapi32.lib shell32.lib ole32.lib oleaut32.lib uuid.lib odbc32.lib odbccp32.lib /MANIFEST /MANIFESTUAC:"level='asInvoker' uiAccess='false'" /manifest:embed /DEBUG /PDB:"Debug\RavenClawDM.pdb" /SUBSYSTEM:CONSOLE /HEAP:"2000000" /TLBID:1 /DYNAMICBASE /NXCOMPAT /IMPLIB:"Debug\RavenClawDM.lib" /SAFESEH Debug\DialogTask.obj
         Debug\DateUtil.obj
         Debug\StringUtil.obj
         Debug\ParseTree.obj
         Debug\BindingFilters.obj
     1>LINK : fatal error LNK1168: cannot open Debug\RavenClawDM.exe for writing
     1>Done Building Project "D:\CMU-Compuceptionist\Agents\InMind-RC-DM\RavenClawDM.vcxproj" (Build target(s)) -- FAILED.

Build FAILED.

Time Elapsed 00:00:00.06
